  pch.cpp
  CBmpMgr.cpp
  CCollisionMgr.cpp
  CEditor.cpp
C:\Users\nern2\WINAPI_SuperMarioWorld\SuperMarioWorld\SuperMarioWorld\CUiMgr.h(39,41): warning C4244: '=': 'float'에서 'int'(으)로 변환하면서 데이터가 손실될 수 있습니다.
  (소스 파일 '/CEditor.cpp'을(를) 컴파일하는 중)
  
C:\Users\nern2\WINAPI_SuperMarioWorld\SuperMarioWorld\SuperMarioWorld\CUiMgr.h(40,41): warning C4244: '=': 'float'에서 'int'(으)로 변환하면서 데이터가 손실될 수 있습니다.
  (소스 파일 '/CEditor.cpp'을(를) 컴파일하는 중)
  
C:\Users\nern2\WINAPI_SuperMarioWorld\SuperMarioWorld\SuperMarioWorld\CMonster.h(30,24): warning C4244: '초기화 중': 'float'에서 'DWORD'(으)로 변환하면서 데이터가 손실될 수 있습니다.
  (소스 파일 '/CEditor.cpp'을(를) 컴파일하는 중)
  
C:\Users\nern2\WINAPI_SuperMarioWorld\SuperMarioWorld\SuperMarioWorld\CEditor.cpp(328,32): warning C4244: '인수': 'LONG'에서 'float'(으)로 변환하면서 데이터가 손실될 수 있습니다.
  (소스 파일 '/CEditor.cpp'을(를) 컴파일하는 중)
  
C:\Users\nern2\WINAPI_SuperMarioWorld\SuperMarioWorld\SuperMarioWorld\CEditor.cpp(328,21): warning C4244: '인수': 'LONG'에서 'float'(으)로 변환하면서 데이터가 손실될 수 있습니다.
  (소스 파일 '/CEditor.cpp'을(를) 컴파일하는 중)
  
  CKeyMgr.cpp
  CLine.cpp
  CLineMgr.cpp
C:\Users\nern2\WINAPI_SuperMarioWorld\SuperMarioWorld\SuperMarioWorld\CLineMgr.cpp(24,8): warning C4101: 'fLineY' :참조되지 않은 지역 변수입니다.
  (소스 파일 '/CLineMgr.cpp'을(를) 컴파일하는 중)
  
C:\Users\nern2\WINAPI_SuperMarioWorld\SuperMarioWorld\SuperMarioWorld\CLineMgr.cpp(66,8): warning C4101: 'fLineX' :참조되지 않은 지역 변수입니다.
  (소스 파일 '/CLineMgr.cpp'을(를) 컴파일하는 중)
  
  CMainGame.cpp
C:\Users\nern2\WINAPI_SuperMarioWorld\SuperMarioWorld\SuperMarioWorld\CUiMgr.h(39,41): warning C4244: '=': 'float'에서 'int'(으)로 변환하면서 데이터가 손실될 수 있습니다.
  (소스 파일 '/CMainGame.cpp'을(를) 컴파일하는 중)
  
C:\Users\nern2\WINAPI_SuperMarioWorld\SuperMarioWorld\SuperMarioWorld\CUiMgr.h(40,41): warning C4244: '=': 'float'에서 'int'(으)로 변환하면서 데이터가 손실될 수 있습니다.
  (소스 파일 '/CMainGame.cpp'을(를) 컴파일하는 중)
  
C:\Users\nern2\WINAPI_SuperMarioWorld\SuperMarioWorld\SuperMarioWorld\CMonster.h(30,24): warning C4244: '초기화 중': 'float'에서 'DWORD'(으)로 변환하면서 데이터가 손실될 수 있습니다.
  (소스 파일 '/CMainGame.cpp'을(를) 컴파일하는 중)
  
  CMonster.cpp
C:\Users\nern2\WINAPI_SuperMarioWorld\SuperMarioWorld\SuperMarioWorld\CUiMgr.h(39,41): warning C4244: '=': 'float'에서 'int'(으)로 변환하면서 데이터가 손실될 수 있습니다.
  (소스 파일 '/CMonster.cpp'을(를) 컴파일하는 중)
  
C:\Users\nern2\WINAPI_SuperMarioWorld\SuperMarioWorld\SuperMarioWorld\CUiMgr.h(40,41): warning C4244: '=': 'float'에서 'int'(으)로 변환하면서 데이터가 손실될 수 있습니다.
  (소스 파일 '/CMonster.cpp'을(를) 컴파일하는 중)
  
C:\Users\nern2\WINAPI_SuperMarioWorld\SuperMarioWorld\SuperMarioWorld\CMonster.h(30,24): warning C4244: '초기화 중': 'float'에서 'DWORD'(으)로 변환하면서 데이터가 손실될 수 있습니다.
  (소스 파일 '/CMonster.cpp'을(를) 컴파일하는 중)
  
C:\Users\nern2\WINAPI_SuperMarioWorld\SuperMarioWorld\SuperMarioWorld\CMonster.cpp(38,22): warning C4244: '=': 'float'에서 'DWORD'(으)로 변환하면서 데이터가 손실될 수 있습니다.
  (소스 파일 '/CMonster.cpp'을(를) 컴파일하는 중)
  
C:\Users\nern2\WINAPI_SuperMarioWorld\SuperMarioWorld\SuperMarioWorld\CMonster.cpp(44,22): warning C4244: '=': 'float'에서 'DWORD'(으)로 변환하면서 데이터가 손실될 수 있습니다.
  (소스 파일 '/CMonster.cpp'을(를) 컴파일하는 중)
  
C:\Users\nern2\WINAPI_SuperMarioWorld\SuperMarioWorld\SuperMarioWorld\CMonster.cpp(165,22): warning C4244: '=': 'float'에서 'DWORD'(으)로 변환하면서 데이터가 손실될 수 있습니다.
  (소스 파일 '/CMonster.cpp'을(를) 컴파일하는 중)
  
  CMouse.cpp
  CMyBmp.cpp
  CObject.cpp
  CObjectMgr.cpp
  CPlayer.cpp
C:\Users\nern2\WINAPI_SuperMarioWorld\SuperMarioWorld\SuperMarioWorld\CUiMgr.h(39,41): warning C4244: '=': 'float'에서 'int'(으)로 변환하면서 데이터가 손실될 수 있습니다.
  (소스 파일 '/CPlayer.cpp'을(를) 컴파일하는 중)
  
C:\Users\nern2\WINAPI_SuperMarioWorld\SuperMarioWorld\SuperMarioWorld\CUiMgr.h(40,41): warning C4244: '=': 'float'에서 'int'(으)로 변환하면서 데이터가 손실될 수 있습니다.
  (소스 파일 '/CPlayer.cpp'을(를) 컴파일하는 중)
  
C:\Users\nern2\WINAPI_SuperMarioWorld\SuperMarioWorld\SuperMarioWorld\CMonster.h(30,24): warning C4244: '초기화 중': 'float'에서 'DWORD'(으)로 변환하면서 데이터가 손실될 수 있습니다.
  (소스 파일 '/CPlayer.cpp'을(를) 컴파일하는 중)
  
C:\Users\nern2\WINAPI_SuperMarioWorld\SuperMarioWorld\SuperMarioWorld\CPlayer.cpp(477,8): warning C4101: 'fAccel' :참조되지 않은 지역 변수입니다.
  (소스 파일 '/CPlayer.cpp'을(를) 컴파일하는 중)
  
  CScene.cpp
  CScene01.cpp
C:\Users\nern2\WINAPI_SuperMarioWorld\SuperMarioWorld\SuperMarioWorld\CUiMgr.h(39,41): warning C4244: '=': 'float'에서 'int'(으)로 변환하면서 데이터가 손실될 수 있습니다.
  (소스 파일 '/CScene01.cpp'을(를) 컴파일하는 중)
  
C:\Users\nern2\WINAPI_SuperMarioWorld\SuperMarioWorld\SuperMarioWorld\CUiMgr.h(40,41): warning C4244: '=': 'float'에서 'int'(으)로 변환하면서 데이터가 손실될 수 있습니다.
  (소스 파일 '/CScene01.cpp'을(를) 컴파일하는 중)
  
C:\Users\nern2\WINAPI_SuperMarioWorld\SuperMarioWorld\SuperMarioWorld\CMonster.h(30,24): warning C4244: '초기화 중': 'float'에서 'DWORD'(으)로 변환하면서 데이터가 손실될 수 있습니다.
  (소스 파일 '/CScene01.cpp'을(를) 컴파일하는 중)
  
  CSceneMgr.cpp
C:\Users\nern2\WINAPI_SuperMarioWorld\SuperMarioWorld\SuperMarioWorld\CUiMgr.h(39,41): warning C4244: '=': 'float'에서 'int'(으)로 변환하면서 데이터가 손실될 수 있습니다.
  (소스 파일 '/CSceneMgr.cpp'을(를) 컴파일하는 중)
  
C:\Users\nern2\WINAPI_SuperMarioWorld\SuperMarioWorld\SuperMarioWorld\CUiMgr.h(40,41): warning C4244: '=': 'float'에서 'int'(으)로 변환하면서 데이터가 손실될 수 있습니다.
  (소스 파일 '/CSceneMgr.cpp'을(를) 컴파일하는 중)
  
C:\Users\nern2\WINAPI_SuperMarioWorld\SuperMarioWorld\SuperMarioWorld\CMonster.h(30,24): warning C4244: '초기화 중': 'float'에서 'DWORD'(으)로 변환하면서 데이터가 손실될 수 있습니다.
  (소스 파일 '/CSceneMgr.cpp'을(를) 컴파일하는 중)
  
  CScrollMgr.cpp
  CSoundMgr.cpp
  CTile.cpp
C:\Users\nern2\WINAPI_SuperMarioWorld\SuperMarioWorld\SuperMarioWorld\CTile.cpp(43,22): warning C4244: '=': 'float'에서 'DWORD'(으)로 변환하면서 데이터가 손실될 수 있습니다.
  (소스 파일 '/CTile.cpp'을(를) 컴파일하는 중)
  
  CTutorial.cpp
C:\Users\nern2\WINAPI_SuperMarioWorld\SuperMarioWorld\SuperMarioWorld\CUiMgr.h(39,41): warning C4244: '=': 'float'에서 'int'(으)로 변환하면서 데이터가 손실될 수 있습니다.
  (소스 파일 '/CTutorial.cpp'을(를) 컴파일하는 중)
  
C:\Users\nern2\WINAPI_SuperMarioWorld\SuperMarioWorld\SuperMarioWorld\CUiMgr.h(40,41): warning C4244: '=': 'float'에서 'int'(으)로 변환하면서 데이터가 손실될 수 있습니다.
  (소스 파일 '/CTutorial.cpp'을(를) 컴파일하는 중)
  
C:\Users\nern2\WINAPI_SuperMarioWorld\SuperMarioWorld\SuperMarioWorld\CMonster.h(30,24): warning C4244: '초기화 중': 'float'에서 'DWORD'(으)로 변환하면서 데이터가 손실될 수 있습니다.
  (소스 파일 '/CTutorial.cpp'을(를) 컴파일하는 중)
  
  코드를 생성하고 있습니다...
  컴파일하고 있습니다...
  CUiMgr.cpp
C:\Users\nern2\WINAPI_SuperMarioWorld\SuperMarioWorld\SuperMarioWorld\CUiMgr.h(39,41): warning C4244: '=': 'float'에서 'int'(으)로 변환하면서 데이터가 손실될 수 있습니다.
  (소스 파일 '/CUiMgr.cpp'을(를) 컴파일하는 중)
  
C:\Users\nern2\WINAPI_SuperMarioWorld\SuperMarioWorld\SuperMarioWorld\CUiMgr.h(40,41): warning C4244: '=': 'float'에서 'int'(으)로 변환하면서 데이터가 손실될 수 있습니다.
  (소스 파일 '/CUiMgr.cpp'을(를) 컴파일하는 중)
  
C:\Users\nern2\WINAPI_SuperMarioWorld\SuperMarioWorld\SuperMarioWorld\CUiMgr.cpp(50,20): warning C4244: '=': 'DWORD'에서 'float'(으)로 변환하면서 데이터가 손실될 수 있습니다.
  (소스 파일 '/CUiMgr.cpp'을(를) 컴파일하는 중)
  
C:\Users\nern2\WINAPI_SuperMarioWorld\SuperMarioWorld\SuperMarioWorld\CUiMgr.cpp(72,33): warning C4244: '인수': 'float'에서 'int'(으)로 변환하면서 데이터가 손실될 수 있습니다.
  (소스 파일 '/CUiMgr.cpp'을(를) 컴파일하는 중)
  
C:\Users\nern2\WINAPI_SuperMarioWorld\SuperMarioWorld\SuperMarioWorld\CUiMgr.cpp(72,28): warning C4244: '인수': 'float'에서 'int'(으)로 변환하면서 데이터가 손실될 수 있습니다.
  (소스 파일 '/CUiMgr.cpp'을(를) 컴파일하는 중)
  
C:\Users\nern2\WINAPI_SuperMarioWorld\SuperMarioWorld\SuperMarioWorld\CUiMgr.cpp(79,38): warning C4244: '인수': 'float'에서 'int'(으)로 변환하면서 데이터가 손실될 수 있습니다.
  (소스 파일 '/CUiMgr.cpp'을(를) 컴파일하는 중)
  
C:\Users\nern2\WINAPI_SuperMarioWorld\SuperMarioWorld\SuperMarioWorld\CUiMgr.cpp(79,28): warning C4244: '인수': 'float'에서 'int'(으)로 변환하면서 데이터가 손실될 수 있습니다.
  (소스 파일 '/CUiMgr.cpp'을(를) 컴파일하는 중)
  
C:\Users\nern2\WINAPI_SuperMarioWorld\SuperMarioWorld\SuperMarioWorld\CUiMgr.cpp(88,33): warning C4244: '인수': 'float'에서 'int'(으)로 변환하면서 데이터가 손실될 수 있습니다.
  (소스 파일 '/CUiMgr.cpp'을(를) 컴파일하는 중)
  
C:\Users\nern2\WINAPI_SuperMarioWorld\SuperMarioWorld\SuperMarioWorld\CUiMgr.cpp(88,28): warning C4244: '인수': 'float'에서 'int'(으)로 변환하면서 데이터가 손실될 수 있습니다.
  (소스 파일 '/CUiMgr.cpp'을(를) 컴파일하는 중)
  
C:\Users\nern2\WINAPI_SuperMarioWorld\SuperMarioWorld\SuperMarioWorld\CUiMgr.cpp(97,33): warning C4244: '인수': 'float'에서 'int'(으)로 변환하면서 데이터가 손실될 수 있습니다.
  (소스 파일 '/CUiMgr.cpp'을(를) 컴파일하는 중)
  
C:\Users\nern2\WINAPI_SuperMarioWorld\SuperMarioWorld\SuperMarioWorld\CUiMgr.cpp(97,28): warning C4244: '인수': 'float'에서 'int'(으)로 변환하면서 데이터가 손실될 수 있습니다.
  (소스 파일 '/CUiMgr.cpp'을(를) 컴파일하는 중)
  
C:\Users\nern2\WINAPI_SuperMarioWorld\SuperMarioWorld\SuperMarioWorld\CUiMgr.cpp(101,44): warning C4244: '인수': 'float'에서 'int'(으)로 변환하면서 데이터가 손실될 수 있습니다.
  (소스 파일 '/CUiMgr.cpp'을(를) 컴파일하는 중)
  
C:\Users\nern2\WINAPI_SuperMarioWorld\SuperMarioWorld\SuperMarioWorld\CUiMgr.cpp(101,32): warning C4244: '인수': 'float'에서 'int'(으)로 변환하면서 데이터가 손실될 수 있습니다.
  (소스 파일 '/CUiMgr.cpp'을(를) 컴파일하는 중)
  
C:\Users\nern2\WINAPI_SuperMarioWorld\SuperMarioWorld\SuperMarioWorld\CUiMgr.cpp(141,27): warning C4244: '인수': 'float'에서 'int'(으)로 변환하면서 데이터가 손실될 수 있습니다.
  (소스 파일 '/CUiMgr.cpp'을(를) 컴파일하는 중)
  
C:\Users\nern2\WINAPI_SuperMarioWorld\SuperMarioWorld\SuperMarioWorld\CUiMgr.cpp(141,15): warning C4244: '인수': 'float'에서 'int'(으)로 변환하면서 데이터가 손실될 수 있습니다.
  (소스 파일 '/CUiMgr.cpp'을(를) 컴파일하는 중)
  
  SuperMarioWorld.cpp
C:\Users\nern2\WINAPI_SuperMarioWorld\SuperMarioWorld\SuperMarioWorld\CUiMgr.h(39,41): warning C4244: '=': 'float'에서 'int'(으)로 변환하면서 데이터가 손실될 수 있습니다.
  (소스 파일 '/SuperMarioWorld.cpp'을(를) 컴파일하는 중)
  
C:\Users\nern2\WINAPI_SuperMarioWorld\SuperMarioWorld\SuperMarioWorld\CUiMgr.h(40,41): warning C4244: '=': 'float'에서 'int'(으)로 변환하면서 데이터가 손실될 수 있습니다.
  (소스 파일 '/SuperMarioWorld.cpp'을(를) 컴파일하는 중)
  
C:\Users\nern2\WINAPI_SuperMarioWorld\SuperMarioWorld\SuperMarioWorld\CMonster.h(30,24): warning C4244: '초기화 중': 'float'에서 'DWORD'(으)로 변환하면서 데이터가 손실될 수 있습니다.
  (소스 파일 '/SuperMarioWorld.cpp'을(를) 컴파일하는 중)
  
  코드를 생성하고 있습니다...
  SuperMarioWorld.vcxproj -> C:\Users\nern2\WINAPI_SuperMarioWorld\SuperMarioWorld\Debug\SuperMarioWorld.exe
