  pch.cpp
  CBmpMgr.cpp
  CKeyMgr.cpp
  CLine.cpp
  CLineMgr.cpp
  CLogo.cpp
  CMainGame.cpp
  CMouse.cpp
  CMyBmp.cpp
  CObject.cpp
  CObjectMgr.cpp
  CPlayer.cpp
C:\Users\User\Documents\GitHub\WINAPI_SuperMarioWorld\SuperMarioWorld\SuperMarioWorld\CPlayer.cpp(48,25): warning C4244: '=': 'float'에서 'int'(으)로 변환하면서 데이터가 손실될 수 있습니다.
  (소스 파일 '/CPlayer.cpp'을(를) 컴파일하는 중)
  
C:\Users\User\Documents\GitHub\WINAPI_SuperMarioWorld\SuperMarioWorld\SuperMarioWorld\CPlayer.cpp(62,124): warning C4244: '인수': 'float'에서 'int'(으)로 변환하면서 데이터가 손실될 수 있습니다.
  (소스 파일 '/CPlayer.cpp'을(를) 컴파일하는 중)
  
C:\Users\User\Documents\GitHub\WINAPI_SuperMarioWorld\SuperMarioWorld\SuperMarioWorld\CPlayer.cpp(62,92): warning C4244: '인수': 'float'에서 'int'(으)로 변환하면서 데이터가 손실될 수 있습니다.
  (소스 파일 '/CPlayer.cpp'을(를) 컴파일하는 중)
  
C:\Users\User\Documents\GitHub\WINAPI_SuperMarioWorld\SuperMarioWorld\SuperMarioWorld\CPlayer.cpp(62,60): warning C4244: '인수': 'float'에서 'int'(으)로 변환하면서 데이터가 손실될 수 있습니다.
  (소스 파일 '/CPlayer.cpp'을(를) 컴파일하는 중)
  
C:\Users\User\Documents\GitHub\WINAPI_SuperMarioWorld\SuperMarioWorld\SuperMarioWorld\CPlayer.cpp(62,28): warning C4244: '인수': 'float'에서 'int'(으)로 변환하면서 데이터가 손실될 수 있습니다.
  (소스 파일 '/CPlayer.cpp'을(를) 컴파일하는 중)
  
  CScene.cpp
  CSceneMgr.cpp
  SuperMarioWorld.cpp
  코드를 생성하고 있습니다...
  SuperMarioWorld.vcxproj -> C:\Users\User\Documents\GitHub\WINAPI_SuperMarioWorld\SuperMarioWorld\x64\Debug\SuperMarioWorld.exe
