c:\users\user\documents\github\winapi_supermarioworld\supermarioworld\supermarioworld\x64\debug\supermarioworld.pch
c:\users\user\documents\github\winapi_supermarioworld\supermarioworld\supermarioworld\x64\debug\vc143.pdb
c:\users\user\documents\github\winapi_supermarioworld\supermarioworld\supermarioworld\x64\debug\vc143.idb
c:\users\user\documents\github\winapi_supermarioworld\supermarioworld\supermarioworld\x64\debug\pch.obj
c:\users\user\documents\github\winapi_supermarioworld\supermarioworld\supermarioworld\x64\debug\cscenemgr.obj
c:\users\user\documents\github\winapi_supermarioworld\supermarioworld\supermarioworld\x64\debug\cscene.obj
c:\users\user\documents\github\winapi_supermarioworld\supermarioworld\supermarioworld\x64\debug\cplayer.obj
c:\users\user\documents\github\winapi_supermarioworld\supermarioworld\supermarioworld\x64\debug\cobjectmgr.obj
c:\users\user\documents\github\winapi_supermarioworld\supermarioworld\supermarioworld\x64\debug\cobject.obj
c:\users\user\documents\github\winapi_supermarioworld\supermarioworld\supermarioworld\x64\debug\cmybmp.obj
c:\users\user\documents\github\winapi_supermarioworld\supermarioworld\supermarioworld\x64\debug\cmouse.obj
c:\users\user\documents\github\winapi_supermarioworld\supermarioworld\supermarioworld\x64\debug\cmaingame.obj
c:\users\user\documents\github\winapi_supermarioworld\supermarioworld\supermarioworld\x64\debug\clinemgr.obj
c:\users\user\documents\github\winapi_supermarioworld\supermarioworld\supermarioworld\x64\debug\cline.obj
c:\users\user\documents\github\winapi_supermarioworld\supermarioworld\supermarioworld\x64\debug\ckeymgr.obj
c:\users\user\documents\github\winapi_supermarioworld\supermarioworld\supermarioworld\x64\debug\ccollisionmgr.obj
c:\users\user\documents\github\winapi_supermarioworld\supermarioworld\supermarioworld\x64\debug\cbmpmgr.obj
c:\users\user\documents\github\winapi_supermarioworld\supermarioworld\supermarioworld\x64\debug\ctile.obj
c:\users\user\documents\github\winapi_supermarioworld\supermarioworld\supermarioworld\x64\debug\csoundmgr.obj
c:\users\user\documents\github\winapi_supermarioworld\supermarioworld\supermarioworld\x64\debug\cscrollmgr.obj
c:\users\user\documents\github\winapi_supermarioworld\supermarioworld\supermarioworld\x64\debug\cscene01.obj
c:\users\user\documents\github\winapi_supermarioworld\supermarioworld\supermarioworld\x64\debug\cmonster.obj
c:\users\user\documents\github\winapi_supermarioworld\supermarioworld\supermarioworld\x64\debug\ckoopa.obj
c:\users\user\documents\github\winapi_supermarioworld\supermarioworld\supermarioworld\x64\debug\cgoomba.obj
c:\users\user\documents\github\winapi_supermarioworld\supermarioworld\supermarioworld\x64\debug\supermarioworld.obj
c:\users\user\documents\github\winapi_supermarioworld\supermarioworld\supermarioworld\x64\debug\cuimgr.obj
c:\users\user\documents\github\winapi_supermarioworld\supermarioworld\supermarioworld\x64\debug\ctutorial.obj
c:\users\user\documents\github\winapi_supermarioworld\supermarioworld\supermarioworld\x64\debug\supermarioworld.res
c:\users\user\documents\github\winapi_supermarioworld\supermarioworld\x64\debug\supermarioworld.pdb
c:\users\user\documents\github\winapi_supermarioworld\supermarioworld\supermarioworld\x64\debug\supermarioworld.tlog\cl.command.1.tlog
c:\users\user\documents\github\winapi_supermarioworld\supermarioworld\supermarioworld\x64\debug\supermarioworld.tlog\cl.read.1.tlog
c:\users\user\documents\github\winapi_supermarioworld\supermarioworld\supermarioworld\x64\debug\supermarioworld.tlog\cl.write.1.tlog
c:\users\user\documents\github\winapi_supermarioworld\supermarioworld\supermarioworld\x64\debug\supermarioworld.tlog\link-cvtres.read.1.tlog
c:\users\user\documents\github\winapi_supermarioworld\supermarioworld\supermarioworld\x64\debug\supermarioworld.tlog\link-cvtres.write.1.tlog
c:\users\user\documents\github\winapi_supermarioworld\supermarioworld\supermarioworld\x64\debug\supermarioworld.tlog\link-rc.read.1.tlog
c:\users\user\documents\github\winapi_supermarioworld\supermarioworld\supermarioworld\x64\debug\supermarioworld.tlog\link-rc.write.1.tlog
c:\users\user\documents\github\winapi_supermarioworld\supermarioworld\supermarioworld\x64\debug\supermarioworld.tlog\link.command.1.tlog
c:\users\user\documents\github\winapi_supermarioworld\supermarioworld\supermarioworld\x64\debug\supermarioworld.tlog\link.read.1.tlog
c:\users\user\documents\github\winapi_supermarioworld\supermarioworld\supermarioworld\x64\debug\supermarioworld.tlog\link.read.2.tlog
c:\users\user\documents\github\winapi_supermarioworld\supermarioworld\supermarioworld\x64\debug\supermarioworld.tlog\link.write.1.tlog
c:\users\user\documents\github\winapi_supermarioworld\supermarioworld\supermarioworld\x64\debug\supermarioworld.tlog\rc.command.1.tlog
c:\users\user\documents\github\winapi_supermarioworld\supermarioworld\supermarioworld\x64\debug\supermarioworld.tlog\rc.read.1.tlog
c:\users\user\documents\github\winapi_supermarioworld\supermarioworld\supermarioworld\x64\debug\supermarioworld.tlog\rc.write.1.tlog
